# JRE version: OpenJDK Runtime Environment (8.0_242-b01) (build 1.8.0_242-release-1644-b01)
# Java VM: OpenJDK 64-Bit Server VM (25.242-b01 mixed mode windows-amd64 compressed oops)
Heap:
 PSYoungGen      total 520192K, used 41135K [0x00000000d5580000, 0x00000000f7900000, 0x0000000100000000)
  eden space 494080K, 8% used [0x00000000d5580000,0x00000000d7dabe88,0x00000000f3800000)
  from space 26112K, 0% used [0x00000000f5f80000,0x00000000f5f80000,0x00000000f7900000)
  to   space 32768K, 0% used [0x00000000f3900000,0x00000000f3900000,0x00000000f5900000)
 ParOldGen       total 206848K, used 76038K [0x0000000080000000, 0x000000008ca00000, 0x00000000d5580000)
  object space 206848K, 36% used [0x0000000080000000,0x0000000084a418c8,0x000000008ca00000)
 Metaspace       used 94491K, capacity 99210K, committed 99496K, reserved 1134592K
  class space    used 12526K, capacity 13528K, committed 13608K, reserved 1048576K
GC Heap History (10 events):
Event: 5.479 GC heap before
{Heap before GC invocations=12 (full 3):
 PSYoungGen      total 419328K, used 19436K [0x00000000d5580000, 0x00000000f7900000, 0x0000000100000000)
  eden space 399872K, 0% used [0x00000000d5580000,0x00000000d5580000,0x00000000edc00000)
  from space 19456K, 99% used [0x00000000edc00000,0x00000000eeefb330,0x00000000eef00000)
  to   space 26112K, 0% used [0x00000000f5f80000,0x00000000f5f80000,0x00000000f7900000)
 ParOldGen       total 80384K, used 27609K [0x0000000080000000, 0x0000000084e80000, 0x00000000d5580000)
  object space 80384K, 34% used [0x0000000080000000,0x0000000081af6410,0x0000000084e80000)
 Metaspace       used 56903K, capacity 59084K, committed 59160K, reserved 1099776K
  class space    used 7686K, capacity 8179K, committed 8232K, reserved 1048576K
Event: 5.663 GC heap after
Heap after GC invocations=12 (full 3):
 PSYoungGen      total 419328K, used 0K [0x00000000d5580000, 0x00000000f7900000, 0x0000000100000000)
  eden space 399872K, 0% used [0x00000000d5580000,0x00000000d5580000,0x00000000edc00000)
  from space 19456K, 0% used [0x00000000edc00000,0x00000000edc00000,0x00000000eef00000)
  to   space 26112K, 0% used [0x00000000f5f80000,0x00000000f5f80000,0x00000000f7900000)
 ParOldGen       total 128512K, used 40898K [0x0000000080000000, 0x0000000087d80000, 0x00000000d5580000)
  object space 128512K, 31% used [0x0000000080000000,0x00000000827f0b58,0x0000000087d80000)
 Metaspace       used 56887K, capacity 59030K, committed 59160K, reserved 1099776K
  class space    used 7681K, capacity 8170K, committed 8232K, reserved 1048576K
}
Event: 9.174 GC heap before
{Heap before GC invocations=13 (full 3):
 PSYoungGen      total 419328K, used 399872K [0x00000000d5580000, 0x00000000f7900000, 0x0000000100000000)
  eden space 399872K, 100% used [0x00000000d5580000,0x00000000edc00000,0x00000000edc00000)
  from space 19456K, 0% used [0x00000000edc00000,0x00000000edc00000,0x00000000eef00000)
  to   space 26112K, 0% used [0x00000000f5f80000,0x00000000f5f80000,0x00000000f7900000)
 ParOldGen       total 128512K, used 40898K [0x0000000080000000, 0x0000000087d80000, 0x00000000d5580000)
  object space 128512K, 31% used [0x0000000080000000,0x00000000827f0b58,0x0000000087d80000)
 Metaspace       used 71113K, capacity 74178K, committed 74264K, reserved 1114112K
  class space    used 9638K, capacity 10242K, committed 10280K, reserved 1048576K
Event: 9.207 GC heap after
Heap after GC invocations=13 (full 3):
 PSYoungGen      total 520192K, used 26094K [0x00000000d5580000, 0x00000000f7900000, 0x0000000100000000)
  eden space 494080K, 0% used [0x00000000d5580000,0x00000000d5580000,0x00000000f3800000)
  from space 26112K, 99% used [0x00000000f5f80000,0x00000000f78fba88,0x00000000f7900000)
  to   space 32768K, 0% used [0x00000000f3900000,0x00000000f3900000,0x00000000f5900000)
 ParOldGen       total 128512K, used 48957K [0x0000000080000000, 0x0000000087d80000, 0x00000000d5580000)
  object space 128512K, 38% used [0x0000000080000000,0x0000000082fcf730,0x0000000087d80000)
 Metaspace       used 71113K, capacity 74178K, committed 74264K, reserved 1114112K
  class space    used 9638K, capacity 10242K, committed 10280K, reserved 1048576K
}
Event: 467.973 GC heap before
{Heap before GC invocations=14 (full 3):
 PSYoungGen      total 520192K, used 520174K [0x00000000d5580000, 0x00000000f7900000, 0x0000000100000000)
  eden space 494080K, 100% used [0x00000000d5580000,0x00000000f3800000,0x00000000f3800000)
  from space 26112K, 99% used [0x00000000f5f80000,0x00000000f78fba88,0x00000000f7900000)
  to   space 32768K, 0% used [0x00000000f3900000,0x00000000f3900000,0x00000000f5900000)
 ParOldGen       total 128512K, used 48957K [0x0000000080000000, 0x0000000087d80000, 0x00000000d5580000)
  object space 128512K, 38% used [0x0000000080000000,0x0000000082fcf730,0x0000000087d80000)
 Metaspace       used 90939K, capacity 95474K, committed 95640K, reserved 1132544K
  class space    used 12019K, capacity 12947K, committed 12968K, reserved 1048576K
Event: 468.027 GC heap after
Heap after GC invocations=14 (full 3):
 PSYoungGen      total 526848K, used 32756K [0x00000000d5580000, 0x00000000f7900000, 0x0000000100000000)
  eden space 494080K, 0% used [0x00000000d5580000,0x00000000d5580000,0x00000000f3800000)
  from space 32768K, 99% used [0x00000000f3900000,0x00000000f58fd2e0,0x00000000f5900000)
  to   space 26112K, 0% used [0x00000000f5f80000,0x00000000f5f80000,0x00000000f7900000)
 ParOldGen       total 128512K, used 76234K [0x0000000080000000, 0x0000000087d80000, 0x00000000d5580000)
  object space 128512K, 59% used [0x0000000080000000,0x0000000084a72b38,0x0000000087d80000)
 Metaspace       used 90939K, capacity 95474K, committed 95640K, reserved 1132544K
  class space    used 12019K, capacity 12947K, committed 12968K, reserved 1048576K
}
Event: 468.666 GC heap before
{Heap before GC invocations=15 (full 3):
 PSYoungGen      total 526848K, used 111312K [0x00000000d5580000, 0x00000000f7900000, 0x0000000100000000)
  eden space 494080K, 15% used [0x00000000d5580000,0x00000000da236fe0,0x00000000f3800000)
  from space 32768K, 99% used [0x00000000f3900000,0x00000000f58fd2e0,0x00000000f5900000)
  to   space 26112K, 0% used [0x00000000f5f80000,0x00000000f5f80000,0x00000000f7900000)
 ParOldGen       total 128512K, used 76234K [0x0000000080000000, 0x0000000087d80000, 0x00000000d5580000)
  object space 128512K, 59% used [0x0000000080000000,0x0000000084a72b38,0x0000000087d80000)
 Metaspace       used 93775K, capacity 98530K, committed 98600K, reserved 1134592K
  class space    used 12447K, capacity 13431K, committed 13480K, reserved 1048576K
Event: 468.689 GC heap after
Heap after GC invocations=15 (full 3):
 PSYoungGen      total 520192K, used 7135K [0x00000000d5580000, 0x00000000f7900000, 0x0000000100000000)
  eden space 494080K, 0% used [0x00000000d5580000,0x00000000d5580000,0x00000000f3800000)
  from space 26112K, 27% used [0x00000000f5f80000,0x00000000f6677d28,0x00000000f7900000)
  to   space 32768K, 0% used [0x00000000f3900000,0x00000000f3900000,0x00000000f5900000)
 ParOldGen       total 128512K, used 102469K [0x0000000080000000, 0x0000000087d80000, 0x00000000d5580000)
  object space 128512K, 79% used [0x0000000080000000,0x00000000864116f0,0x0000000087d80000)
 Metaspace       used 93775K, capacity 98530K, committed 98600K, reserved 1134592K
  class space    used 12447K, capacity 13431K, committed 13480K, reserved 1048576K
}
Event: 468.689 GC heap before
{Heap before GC invocations=16 (full 4):
 PSYoungGen      total 520192K, used 7135K [0x00000000d5580000, 0x00000000f7900000, 0x0000000100000000)
  eden space 494080K, 0% used [0x00000000d5580000,0x00000000d5580000,0x00000000f3800000)
  from space 26112K, 27% used [0x00000000f5f80000,0x00000000f6677d28,0x00000000f7900000)
  to   space 32768K, 0% used [0x00000000f3900000,0x00000000f3900000,0x00000000f5900000)
 ParOldGen       total 128512K, used 102469K [0x0000000080000000, 0x0000000087d80000, 0x00000000d5580000)
  object space 128512K, 79% used [0x0000000080000000,0x00000000864116f0,0x0000000087d80000)
 Metaspace       used 93775K, capacity 98530K, committed 98600K, reserved 1134592K
  class space    used 12447K, capacity 13431K, committed 13480K, reserved 1048576K
Event: 468.890 GC heap after
Heap after GC invocations=16 (full 4):
 PSYoungGen      total 520192K, used 0K [0x00000000d5580000, 0x00000000f7900000, 0x0000000100000000)
  eden space 494080K, 0% used [0x00000000d5580000,0x00000000d5580000,0x00000000f3800000)
  from space 26112K, 0% used [0x00000000f5f80000,0x00000000f5f80000,0x00000000f7900000)
  to   space 32768K, 0% used [0x00000000f3900000,0x00000000f3900000,0x00000000f5900000)
 ParOldGen       total 206848K, used 76038K [0x0000000080000000, 0x000000008ca00000, 0x00000000d5580000)
  object space 206848K, 36% used [0x0000000080000000,0x0000000084a418c8,0x000000008ca00000)
 Metaspace       used 93671K, capacity 98208K, committed 98600K, reserved 1134592K
  class space    used 12416K, capacity 13354K, committed 13480K, reserved 1048576K
}

