# JRE version: OpenJDK Runtime Environment (8.0_242-b01) (build 1.8.0_242-release-1644-b01)
# Java VM: OpenJDK 64-Bit Server VM (25.242-b01 mixed mode windows-amd64 compressed oops)
Heap:
 PSYoungGen      total 487424K, used 200763K [0x00000000d5580000, 0x00000000f7b80000, 0x0000000100000000)
  eden space 413696K, 46% used [0x00000000d5580000,0x00000000e10f2eb8,0x00000000ee980000)
  from space 73728K, 11% used [0x00000000f3380000,0x00000000f3c1be60,0x00000000f7b80000)
  to   space 74752K, 0% used [0x00000000ee980000,0x00000000ee980000,0x00000000f3280000)
 ParOldGen       total 233472K, used 102352K [0x0000000080000000, 0x000000008e400000, 0x00000000d5580000)
  object space 233472K, 43% used [0x0000000080000000,0x00000000863f4288,0x000000008e400000)
 Metaspace       used 141766K, capacity 150046K, committed 150552K, reserved 1179648K
  class space    used 18314K, capacity 19794K, committed 20008K, reserved 1048576K
GC Heap History (10 events):
Event: 4813.869 GC heap before
{Heap before GC invocations=25 (full 4):
 PSYoungGen      total 436224K, used 436222K [0x00000000d5580000, 0x00000000f7c00000, 0x0000000100000000)
  eden space 388608K, 100% used [0x00000000d5580000,0x00000000ed100000,0x00000000ed100000)
  from space 47616K, 99% used [0x00000000f0e00000,0x00000000f3c7fbc8,0x00000000f3c80000)
  to   space 62464K, 0% used [0x00000000ed100000,0x00000000ed100000,0x00000000f0e00000)
 ParOldGen       total 131072K, used 89523K [0x0000000080000000, 0x0000000088000000, 0x00000000d5580000)
  object space 131072K, 68% used [0x0000000080000000,0x000000008576ce08,0x0000000088000000)
 Metaspace       used 131558K, capacity 139242K, committed 139544K, reserved 1171456K
  class space    used 17003K, capacity 18408K, committed 18472K, reserved 1048576K
Event: 4813.936 GC heap after
Heap after GC invocations=25 (full 4):
 PSYoungGen      total 421888K, used 48827K [0x00000000d5580000, 0x00000000f4580000, 0x0000000100000000)
  eden space 372736K, 0% used [0x00000000d5580000,0x00000000d5580000,0x00000000ec180000)
  from space 49152K, 99% used [0x00000000ed100000,0x00000000f00aeea8,0x00000000f0100000)
  to   space 67584K, 0% used [0x00000000f0380000,0x00000000f0380000,0x00000000f4580000)
 ParOldGen       total 131072K, used 99160K [0x0000000080000000, 0x0000000088000000, 0x00000000d5580000)
  object space 131072K, 75% used [0x0000000080000000,0x00000000860d61b0,0x0000000088000000)
 Metaspace       used 131558K, capacity 139242K, committed 139544K, reserved 1171456K
  class space    used 17003K, capacity 18408K, committed 18472K, reserved 1048576K
}
Event: 4815.984 GC heap before
{Heap before GC invocations=26 (full 4):
 PSYoungGen      total 421888K, used 244690K [0x00000000d5580000, 0x00000000f4580000, 0x0000000100000000)
  eden space 372736K, 52% used [0x00000000d5580000,0x00000000e14c5cf0,0x00000000ec180000)
  from space 49152K, 99% used [0x00000000ed100000,0x00000000f00aeea8,0x00000000f0100000)
  to   space 67584K, 0% used [0x00000000f0380000,0x00000000f0380000,0x00000000f4580000)
 ParOldGen       total 131072K, used 99160K [0x0000000080000000, 0x0000000088000000, 0x00000000d5580000)
  object space 131072K, 75% used [0x0000000080000000,0x00000000860d61b0,0x0000000088000000)
 Metaspace       used 138140K, capacity 146578K, committed 146600K, reserved 1177600K
  class space    used 18049K, capacity 19604K, committed 19624K, reserved 1048576K
Event: 4816.090 GC heap after
Heap after GC invocations=26 (full 4):
 PSYoungGen      total 431104K, used 62506K [0x00000000d5580000, 0x00000000f8680000, 0x0000000100000000)
  eden space 363520K, 0% used [0x00000000d5580000,0x00000000d5580000,0x00000000eb880000)
  from space 67584K, 92% used [0x00000000f0380000,0x00000000f408a900,0x00000000f4580000)
  to   space 76800K, 0% used [0x00000000eb880000,0x00000000eb880000,0x00000000f0380000)
 ParOldGen       total 131072K, used 99168K [0x0000000080000000, 0x0000000088000000, 0x00000000d5580000)
  object space 131072K, 75% used [0x0000000080000000,0x00000000860d81b0,0x0000000088000000)
 Metaspace       used 138140K, capacity 146578K, committed 146600K, reserved 1177600K
  class space    used 18049K, capacity 19604K, committed 19624K, reserved 1048576K
}
Event: 4816.090 GC heap before
{Heap before GC invocations=27 (full 5):
 PSYoungGen      total 431104K, used 62506K [0x00000000d5580000, 0x00000000f8680000, 0x0000000100000000)
  eden space 363520K, 0% used [0x00000000d5580000,0x00000000d5580000,0x00000000eb880000)
  from space 67584K, 92% used [0x00000000f0380000,0x00000000f408a900,0x00000000f4580000)
  to   space 76800K, 0% used [0x00000000eb880000,0x00000000eb880000,0x00000000f0380000)
 ParOldGen       total 131072K, used 99168K [0x0000000080000000, 0x0000000088000000, 0x00000000d5580000)
  object space 131072K, 75% used [0x0000000080000000,0x00000000860d81b0,0x0000000088000000)
 Metaspace       used 138140K, capacity 146578K, committed 146600K, reserved 1177600K
  class space    used 18049K, capacity 19604K, committed 19624K, reserved 1048576K
Event: 4817.405 GC heap after
Heap after GC invocations=27 (full 5):
 PSYoungGen      total 431104K, used 0K [0x00000000d5580000, 0x00000000f8680000, 0x0000000100000000)
  eden space 363520K, 0% used [0x00000000d5580000,0x00000000d5580000,0x00000000eb880000)
  from space 67584K, 0% used [0x00000000f0380000,0x00000000f0380000,0x00000000f4580000)
  to   space 76800K, 0% used [0x00000000eb880000,0x00000000eb880000,0x00000000f0380000)
 ParOldGen       total 233472K, used 102336K [0x0000000080000000, 0x000000008e400000, 0x00000000d5580000)
  object space 233472K, 43% used [0x0000000080000000,0x00000000863f0288,0x000000008e400000)
 Metaspace       used 137614K, capacity 145292K, committed 146600K, reserved 1177600K
  class space    used 17859K, capacity 19269K, committed 19624K, reserved 1048576K
}
Event: 4820.610 GC heap before
{Heap before GC invocations=28 (full 5):
 PSYoungGen      total 431104K, used 363520K [0x00000000d5580000, 0x00000000f8680000, 0x0000000100000000)
  eden space 363520K, 100% used [0x00000000d5580000,0x00000000eb880000,0x00000000eb880000)
  from space 67584K, 0% used [0x00000000f0380000,0x00000000f0380000,0x00000000f4580000)
  to   space 76800K, 0% used [0x00000000eb880000,0x00000000eb880000,0x00000000f0380000)
 ParOldGen       total 233472K, used 102336K [0x0000000080000000, 0x000000008e400000, 0x00000000d5580000)
  object space 233472K, 43% used [0x0000000080000000,0x00000000863f0288,0x000000008e400000)
 Metaspace       used 141108K, capacity 149350K, committed 150040K, reserved 1179648K
  class space    used 18290K, capacity 19784K, committed 20008K, reserved 1048576K
Event: 4820.637 GC heap after
Heap after GC invocations=28 (full 5):
 PSYoungGen      total 440320K, used 6264K [0x00000000d5580000, 0x00000000f7e00000, 0x0000000100000000)
  eden space 363520K, 0% used [0x00000000d5580000,0x00000000d5580000,0x00000000eb880000)
  from space 76800K, 8% used [0x00000000eb880000,0x00000000ebe9e2b0,0x00000000f0380000)
  to   space 76288K, 0% used [0x00000000f3380000,0x00000000f3380000,0x00000000f7e00000)
 ParOldGen       total 233472K, used 102344K [0x0000000080000000, 0x000000008e400000, 0x00000000d5580000)
  object space 233472K, 43% used [0x0000000080000000,0x00000000863f2288,0x000000008e400000)
 Metaspace       used 141108K, capacity 149350K, committed 150040K, reserved 1179648K
  class space    used 18290K, capacity 19784K, committed 20008K, reserved 1048576K
}
Event: 4821.686 GC heap before
{Heap before GC invocations=29 (full 5):
 PSYoungGen      total 440320K, used 369784K [0x00000000d5580000, 0x00000000f7e00000, 0x0000000100000000)
  eden space 363520K, 100% used [0x00000000d5580000,0x00000000eb880000,0x00000000eb880000)
  from space 76800K, 8% used [0x00000000eb880000,0x00000000ebe9e2b0,0x00000000f0380000)
  to   space 76288K, 0% used [0x00000000f3380000,0x00000000f3380000,0x00000000f7e00000)
 ParOldGen       total 233472K, used 102344K [0x0000000080000000, 0x000000008e400000, 0x00000000d5580000)
  object space 233472K, 43% used [0x0000000080000000,0x00000000863f2288,0x000000008e400000)
 Metaspace       used 141661K, capacity 149960K, committed 150552K, reserved 1179648K
  class space    used 18313K, capacity 19791K, committed 20008K, reserved 1048576K
Event: 4821.703 GC heap after
Heap after GC invocations=29 (full 5):
 PSYoungGen      total 487424K, used 8815K [0x00000000d5580000, 0x00000000f7b80000, 0x0000000100000000)
  eden space 413696K, 0% used [0x00000000d5580000,0x00000000d5580000,0x00000000ee980000)
  from space 73728K, 11% used [0x00000000f3380000,0x00000000f3c1be60,0x00000000f7b80000)
  to   space 74752K, 0% used [0x00000000ee980000,0x00000000ee980000,0x00000000f3280000)
 ParOldGen       total 233472K, used 102352K [0x0000000080000000, 0x000000008e400000, 0x00000000d5580000)
  object space 233472K, 43% used [0x0000000080000000,0x00000000863f4288,0x000000008e400000)
 Metaspace       used 141661K, capacity 149960K, committed 150552K, reserved 1179648K
  class space    used 18313K, capacity 19791K, committed 20008K, reserved 1048576K
}

